# JRE version: Java(TM) SE Runtime Environment (8.0_25-b18) (build 1.8.0_25-b18)
# Java VM: Java HotSpot(TM) 64-Bit Server VM (25.25-b02 mixed mode windows-amd64 compressed oops)
Heap:
 PSYoungGen      total 38400K, used 36032K [0x00000000d5d00000, 0x00000000da800000, 0x0000000100000000)
  eden space 33280K, 92% used [0x00000000d5d00000,0x00000000d7b38048,0x00000000d7d80000)
  from space 5120K, 99% used [0x00000000d8280000,0x00000000d8778070,0x00000000d8780000)
  to   space 5120K, 0% used [0x00000000d7d80000,0x00000000d7d80000,0x00000000d8280000)
 ParOldGen       total 87552K, used 404K [0x0000000081600000, 0x0000000086b80000, 0x00000000d5d00000)
  object space 87552K, 0% used [0x0000000081600000,0x0000000081665230,0x0000000086b80000)
 Metaspace       used 20359K, capacity 20712K, committed 20992K, reserved 1067008K
  class space    used 2660K, capacity 2763K, committed 2816K, reserved 1048576K
GC Heap History (4 events):
Event: 1.744 GC heap before
{Heap before GC invocations=1 (full 0):
 PSYoungGen      total 38400K, used 33280K [0x00000000d5d00000, 0x00000000d8780000, 0x0000000100000000)
  eden space 33280K, 100% used [0x00000000d5d00000,0x00000000d7d80000,0x00000000d7d80000)
  from space 5120K, 0% used [0x00000000d8280000,0x00000000d8280000,0x00000000d8780000)
  to   space 5120K, 0% used [0x00000000d7d80000,0x00000000d7d80000,0x00000000d8280000)
 ParOldGen       total 87552K, used 0K [0x0000000081600000, 0x0000000086b80000, 0x00000000d5d00000)
  object space 87552K, 0% used [0x0000000081600000,0x0000000081600000,0x0000000086b80000)
 Metaspace       used 11473K, capacity 11602K, committed 11904K, reserved 1060864K
  class space    used 1335K, capacity 1385K, committed 1408K, reserved 1048576K
Event: 1.755 GC heap after
Heap after GC invocations=1 (full 0):
 PSYoungGen      total 38400K, used 4728K [0x00000000d5d00000, 0x00000000d8780000, 0x0000000100000000)
  eden space 33280K, 0% used [0x00000000d5d00000,0x00000000d5d00000,0x00000000d7d80000)
  from space 5120K, 92% used [0x00000000d7d80000,0x00000000d821e150,0x00000000d8280000)
  to   space 5120K, 0% used [0x00000000d8280000,0x00000000d8280000,0x00000000d8780000)
 ParOldGen       total 87552K, used 8K [0x0000000081600000, 0x0000000086b80000, 0x00000000d5d00000)
  object space 87552K, 0% used [0x0000000081600000,0x0000000081602000,0x0000000086b80000)
 Metaspace       used 11473K, capacity 11602K, committed 11904K, reserved 1060864K
  class space    used 1335K, capacity 1385K, committed 1408K, reserved 1048576K
}
Event: 3.452 GC heap before
{Heap before GC invocations=2 (full 0):
 PSYoungGen      total 38400K, used 38008K [0x00000000d5d00000, 0x00000000d8780000, 0x0000000100000000)
  eden space 33280K, 100% used [0x00000000d5d00000,0x00000000d7d80000,0x00000000d7d80000)
  from space 5120K, 92% used [0x00000000d7d80000,0x00000000d821e150,0x00000000d8280000)
  to   space 5120K, 0% used [0x00000000d8280000,0x00000000d8280000,0x00000000d8780000)
 ParOldGen       total 87552K, used 8K [0x0000000081600000, 0x0000000086b80000, 0x00000000d5d00000)
  object space 87552K, 0% used [0x0000000081600000,0x0000000081602000,0x0000000086b80000)
 Metaspace       used 18148K, capacity 18390K, committed 18688K, reserved 1064960K
  class space    used 2371K, capacity 2446K, committed 2560K, reserved 1048576K
Event: 3.515 GC heap after
Heap after GC invocations=2 (full 0):
 PSYoungGen      total 38400K, used 5088K [0x00000000d5d00000, 0x00000000da800000, 0x0000000100000000)
  eden space 33280K, 0% used [0x00000000d5d00000,0x00000000d5d00000,0x00000000d7d80000)
  from space 5120K, 99% used [0x00000000d8280000,0x00000000d8778070,0x00000000d8780000)
  to   space 5120K, 0% used [0x00000000d7d80000,0x00000000d7d80000,0x00000000d8280000)
 ParOldGen       total 87552K, used 404K [0x0000000081600000, 0x0000000086b80000, 0x00000000d5d00000)
  object space 87552K, 0% used [0x0000000081600000,0x0000000081665230,0x0000000086b80000)
 Metaspace       used 18148K, capacity 18390K, committed 18688K, reserved 1064960K
  class space    used 2371K, capacity 2446K, committed 2560K, reserved 1048576K
}

